<?xml version="1.0" encoding="UTF-8"?>
<!-- Generated by org.testng.reporters.JUnitReportReporter -->
<testsuite hostname="Aditya-PC" failures="0" tests="1" name="runners.CRMRunner" time="24.737" errors="0" timestamp="25 Jun 2021 08:58:09 GMT" skipped="0">
  <testcase classname="runners.CRMRunner" name="runScenario" time="24.737"/>
</testsuite> <!-- runners.CRMRunner -->
